time="2021-11-18T12:45:13+05:30" level=warning msg="ERROR #23505 duplicate key value violates unique constraint \"registrations_username_key\""
time="2021-11-18T12:46:12+05:30" level=warning msg="ERROR #23505 duplicate key value violates unique constraint \"registrations_username_key\""
time="18-11-2021 13:44:30" level=warning msg="ERROR #23505 duplicate key value violates unique constraint \"registrations_username_key\""
time="18-11-2021 14:21:58" level=warning msg="pg: no rows in result set"
time="18-11-2021 14:55:51" level=info msg="akil Welcome"
time="18-11-2021 14:56:33" level=info msg="akil Welcome"
time="18-11-2021 15:02:21" level=info msg="Please Enter all the details"
time="18-11-2021 15:02:27" level=info msg="Please Enter all the details"
time="18-11-2021 15:02:31" level=info msg="Please Enter all the details"
time="18-11-2021 15:14:43" level=warning msg="Please Enter all the details"
time="18-11-2021 15:16:02" level=warning msg="too short"
time="18-11-2021 15:17:14" level=warning msg="too short"
time="18-11-2021 15:17:26" level=warning msg="Contain atleast 2 Uppercase"
time="18-11-2021 15:17:37" level=warning msg="ERROR #23505 duplicate key value violates unique constraint \"registrations_username_key\""
time="19-11-2021 09:48:15" level=info msg="ramesh211 successfully registered"
time="19-11-2021 09:51:52" level=warning msg="Please Enter all the details"
time="19-11-2021 09:51:54" level=warning msg="Please Enter all the details"
time="19-11-2021 09:51:59" level=warning msg="Please Enter all the details"
time="19-11-2021 10:41:08" level=warning msg="Please Enter all the details"
time="19-11-2021 11:59:39" level=warning msg="Please Enter all the details"
time="19-11-2021 11:59:55" level=warning msg="Please Enter all the details"
time="19-11-2021 12:00:04" level=warning msg="Please Enter all the details"
time="19-11-2021 12:00:12" level=warning msg="Please Enter all the details"
time="19-11-2021 12:08:43" level=warning msg="Username is already registered"
time="19-11-2021 12:08:43" level=error msg="pg: Model(unsupported *endpoints.Registration)"
time="19-11-2021 12:16:19" level=error msg="pg: no rows in result set"
time="19-11-2021 12:20:41" level=warning msg="Username is already registered"
time="19-11-2021 12:20:41" level=error msg="pg: Model(unsupported *endpoints.Registration)"
time="19-11-2021 12:21:05" level=warning msg="Username is already registered"
time="19-11-2021 12:21:05" level=error msg="pg: Model(unsupported *endpoints.Registration)"
time="19-11-2021 12:21:30" level=warning msg="Username is already registered"
time="19-11-2021 12:21:30" level=error msg="pg: Model(unsupported *endpoints.Registration)"
time="19-11-2021 12:21:31" level=warning msg="Username is already registered"
time="19-11-2021 12:21:31" level=error msg="pg: Model(unsupported *endpoints.Registration)"
time="19-11-2021 12:21:32" level=warning msg="Username is already registered"
time="19-11-2021 12:21:32" level=error msg="pg: Model(unsupported *endpoints.Registration)"
time="19-11-2021 12:23:38" level=info msg="srika successfully registered"
time="19-11-2021 12:26:27" level=info msg="srika Welcome"
time="19-11-2021 12:26:34" level=warning msg="crypto/bcrypt: hashedPassword is not the hash of the given password"
time="19-11-2021 12:26:40" level=error msg="pg: no rows in result set"
time="19-11-2021 12:26:53" level=warning msg="Username: zero value"
time="19-11-2021 12:27:01" level=error msg="pg: no rows in result set"
time="19-11-2021 12:27:06" level=error msg="invalid character '\\t' in string literal"
time="19-11-2021 12:27:21" level=error msg="invalid character '\\t' in string literal"
time="19-11-2021 12:27:27" level=error msg="invalid character '\\t' in string literal"
time="19-11-2021 12:27:48" level=info msg="srika Welcome"
time="19-11-2021 13:51:10" level=warning msg="Username: zero value"
time="19-11-2021 13:51:22" level=warning msg="Password: zero value, Username: zero value"
time="19-11-2021 14:31:35" level=warning msg="Please Enter all the details"
time="20-11-2021 11:10:31" level=warning msg="Please Enter all the details"
time="20-11-2021 11:10:49" level=warning msg="Please Enter all the details"
time="20-11-2021 11:10:50" level=warning msg="Please Enter all the details"
time="20-11-2021 11:12:47" level=info msg="srika successfully registered"
time="20-11-2021 14:41:52" level=info msg="Otp has sent via mail"
time="20-11-2021 14:42:20" level=info msg="Otp has sent via mail"
time="01-12-2021 10:27:40" level=info msg="srika successfully registered"
time="01-12-2021 10:35:13" level=error msg="too short"
time="01-12-2021 10:35:32" level=warning msg="Username is already registered"
time="01-12-2021 10:35:32" level=error msg="ERROR #23505 duplicate key value violates unique constraint \"registrations_username_key\""
time="01-12-2021 10:36:30" level=warning msg="Email-Id is already registered"
time="01-12-2021 10:36:30" level=error msg="ERROR #23505 duplicate key value violates unique constraint \"registrations_email_key\""
time="01-12-2021 11:57:14" level=warning msg="Please Enter all the details"
time="01-12-2021 11:57:30" level=warning msg="Please Enter all the details"
time="01-12-2021 11:58:29" level=info msg="srika successfully registered"
time="01-12-2021 12:05:49" level=warning msg="Please Enter all the details"
time="01-12-2021 12:06:15" level=warning msg="Please Enter all the details"
time="01-12-2021 12:06:36" level=warning msg="Please Enter all the details"
time="01-12-2021 12:06:52" level=warning msg="Please Enter all the details"
time="01-12-2021 12:07:19" level=warning msg="Please Enter all the details"
time="01-12-2021 12:08:11" level=error msg="too short"
time="01-12-2021 12:21:06" level=info msg="srika123 successfully registered"
time="01-12-2021 12:24:09" level=info msg="srika1234 successfully registered"
time="01-12-2021 12:25:09" level=info msg="srika12345 successfully registered"
time="01-12-2021 12:28:07" level=info msg="srika123456 successfully registered"
time="01-12-2021 12:40:56" level=info msg="srika successfully registered"
time="01-12-2021 12:41:24" level=warning msg="Please Enter all the details"
time="01-12-2021 12:41:32" level=warning msg="Please Enter all the details"
time="01-12-2021 12:41:50" level=error msg="crypto/bcrypt: hashedPassword is not the hash of the given password"
time="01-12-2021 12:41:59" level=info msg="srika Welcome"
time="01-12-2021 12:42:40" level=warning msg="pg: no rows in result set"
time="01-12-2021 12:43:00" level=error msg="535 5.7.8 Username and Password not accepted. Learn more at\n5.7.8  https://support.google.com/mail/?p=BadCredentials p21sm24795018pfh.43 - gsmtp"
time="01-12-2021 12:45:57" level=error msg="535 5.7.8 Username and Password not accepted. Learn more at\n5.7.8  https://support.google.com/mail/?p=BadCredentials g13sm106313pjc.39 - gsmtp"
time="01-12-2021 12:47:25" level=error msg="535 5.7.8 Username and Password not accepted. Learn more at\n5.7.8  https://support.google.com/mail/?p=BadCredentials b18sm121754pjo.31 - gsmtp"
time="01-12-2021 12:49:44" level=error msg="535 5.7.8 Username and Password not accepted. Learn more at\n5.7.8  https://support.google.com/mail/?p=BadCredentials h186sm23083818pfg.64 - gsmtp"
time="01-12-2021 12:50:43" level=info msg="Otp has sent via mail"
time="01-12-2021 12:53:02" level=info msg="Password reset success"
time="01-12-2021 12:53:09" level=error msg="pg: no rows in result set"
